[debug] [2020-12-18T22:05:55.640Z] ----------------------------------------------------------------------
[debug] [2020-12-18T22:05:55.642Z] Command:       /Users/Cannigia/.nvm/versions/node/v14.7.0/bin/node /Users/Cannigia/.nvm/versions/node/v14.7.0/bin/firebase emulators:start
[debug] [2020-12-18T22:05:55.643Z] CLI Version:   8.17.0
[debug] [2020-12-18T22:05:55.643Z] Platform:      darwin
[debug] [2020-12-18T22:05:55.643Z] Node Version:  v14.7.0
[debug] [2020-12-18T22:05:55.646Z] Time:          Fri Dec 18 2020 17:05:55 GMT-0500 (Eastern Standard Time)
[debug] [2020-12-18T22:05:55.646Z] ----------------------------------------------------------------------
[debug] [2020-12-18T22:05:55.646Z] 
[debug] [2020-12-18T22:05:55.657Z] > command requires scopes: ["email","openid","https://www.googleapis.com/auth/cloudplatformprojects.readonly","https://www.googleapis.com/auth/firebase","https://www.googleapis.com/auth/cloud-platform"]
[debug] [2020-12-18T22:05:55.658Z] > authorizing via signed-in user
[info] i  emulators: Starting emulators: functions, hosting {"metadata":{"emulator":{"name":"hub"},"message":"Starting emulators: functions, hosting"}}
[debug] [2020-12-18T22:05:55.741Z] [hub] writing locator at /var/folders/yx/sdbspgx96qb93ww_cs831pqm0000gn/T/hub-amaclone01.json
[warn] ⚠  functions: The following emulators are not running, calls to these services from the Functions emulator will affect production: auth, firestore, database, pubsub {"metadata":{"emulator":{"name":"functions"},"message":"The following emulators are not running, calls to these services from the Functions emulator will affect production: \u001b[1mauth, firestore, database, pubsub\u001b[22m"}}
[warn] ⚠  Your requested "node" version "12" doesn't match your global version "14" {"metadata":{"emulator":{"name":"functions"},"message":"Your requested \"node\" version \"12\" doesn't match your global version \"14\""}}
[debug] [2020-12-18T22:05:55.881Z] defaultcredentials: writing to file /Users/Cannigia/.config/firebase/cannigialaluw_gmail_com_application_default_credentials.json
[debug] [2020-12-18T22:05:56.161Z] Setting GAC to /Users/Cannigia/.config/firebase/cannigialaluw_gmail_com_application_default_credentials.json {"metadata":{"emulator":{"name":"functions"},"message":"Setting GAC to /Users/Cannigia/.config/firebase/cannigialaluw_gmail_com_application_default_credentials.json"}}
[debug] [2020-12-18T22:05:56.172Z] >>> HTTP REQUEST GET https://firebase.googleapis.com/v1beta1/projects/amaclone01/webApps/-/config  
 
[debug] [2020-12-18T22:05:56.927Z] <<< HTTP RESPONSE 200 {"content-type":"application/json; charset=UTF-8","vary":"X-Origin, Referer, Origin,Accept-Encoding","date":"Fri, 18 Dec 2020 22:05:56 GMT","server":"ESF","cache-control":"private","x-xss-protection":"0","x-frame-options":"SAMEORIGIN","x-content-type-options":"nosniff","alt-svc":"h3-29=\":443\"; ma=2592000,h3-T051=\":443\"; ma=2592000,h3-Q050=\":443\"; ma=2592000,h3-Q046=\":443\"; ma=2592000,h3-Q043=\":443\"; ma=2592000,quic=\":443\"; ma=2592000; v=\"46,43\"","accept-ranges":"none","transfer-encoding":"chunked"}
[info] i  hosting: Serving hosting files from: build {"metadata":{"emulator":{"name":"hosting"},"message":"Serving hosting files from: \u001b[1mbuild\u001b[22m"}}
[info] ✔  hosting: Local server: http://localhost:5000 {"metadata":{"emulator":{"name":"hosting"},"message":"Local server: \u001b[4m\u001b[1mhttp://localhost:5000\u001b[22m\u001b[24m"}}
[info] i  ui: downloading ui-v1.3.0.zip... {"metadata":{"emulator":{"name":"ui"},"message":"downloading ui-v1.3.0.zip..."}}
[debug] [2020-12-18T22:05:57.205Z] >>> [apiv2][query] GET https://storage.googleapis.com/firebase-preview-drop/emulator/ui-v1.3.0.zip [none]
[debug] [2020-12-18T22:05:57.304Z] <<< [apiv2][status] GET https://storage.googleapis.com/firebase-preview-drop/emulator/ui-v1.3.0.zip 200
[debug] [2020-12-18T22:05:57.304Z] <<< [apiv2][body] GET https://storage.googleapis.com/firebase-preview-drop/emulator/ui-v1.3.0.zip [stream]
[debug] [2020-12-18T22:05:58.595Z] Ignoring unsupported arg: auto_download {"metadata":{"emulator":{"name":"ui"},"message":"Ignoring unsupported arg: auto_download"}}
[debug] [2020-12-18T22:05:58.595Z] Ignoring unsupported arg: port {"metadata":{"emulator":{"name":"ui"},"message":"Ignoring unsupported arg: port"}}
[debug] [2020-12-18T22:05:58.595Z] Starting Emulator UI with command {"binary":"node","args":["/Users/Cannigia/.cache/firebase/emulators/ui-v1.3.0/server.bundle.js"],"optionalArgs":[],"joinArgs":false} {"metadata":{"emulator":{"name":"ui"},"message":"Starting Emulator UI with command {\"binary\":\"node\",\"args\":[\"/Users/Cannigia/.cache/firebase/emulators/ui-v1.3.0/server.bundle.js\"],\"optionalArgs\":[],\"joinArgs\":false}"}}
[info] i  ui: Emulator UI logging to ui-debug.log {"metadata":{"emulator":{"name":"ui"},"message":"Emulator UI logging to \u001b[1mui-debug.log\u001b[22m"}}
[debug] [2020-12-18T22:05:58.729Z] Web / API server started at http://localhost:4000
 {"metadata":{"emulator":{"name":"ui"},"message":"Web / API server started at http://localhost:4000\n"}}
[info] i  functions: Watching "/Users/Cannigia/Code/React/amaclone/functions" for Cloud Functions... {"metadata":{"emulator":{"name":"functions"},"message":"Watching \"/Users/Cannigia/Code/React/amaclone/functions\" for Cloud Functions..."}}
[debug] [2020-12-18T22:05:58.893Z] [worker-pool] addWorker(~diagnostic~) {"metadata":{"emulator":{"name":"functions"},"message":"[worker-pool] addWorker(~diagnostic~)"}}
[debug] [2020-12-18T22:05:58.893Z] [worker-pool] Adding worker with key ~diagnostic~, total=1 {"metadata":{"emulator":{"name":"functions"},"message":"[worker-pool] Adding worker with key ~diagnostic~, total=1"}}
[debug] [2020-12-18T22:05:58.893Z] [worker-pool] submitWork(triggerId=) {"metadata":{"emulator":{"name":"functions"},"message":"[worker-pool] submitWork(triggerId=)"}}
[debug] [2020-12-18T22:05:58.894Z] [worker-~diagnostic~-dbe17371-94ea-4dfb-919f-cfc2fb14592e]: Assigning socketPath: /var/folders/yx/sdbspgx96qb93ww_cs831pqm0000gn/T/fire_emu_57849.sock {"metadata":{"emulator":{"name":"functions"},"message":"[worker-~diagnostic~-dbe17371-94ea-4dfb-919f-cfc2fb14592e]: Assigning socketPath: /var/folders/yx/sdbspgx96qb93ww_cs831pqm0000gn/T/fire_emu_57849.sock"}}
[debug] [2020-12-18T22:05:58.894Z] [worker-~diagnostic~-dbe17371-94ea-4dfb-919f-cfc2fb14592e]: BUSY {"metadata":{"emulator":{"name":"functions"},"message":"[worker-~diagnostic~-dbe17371-94ea-4dfb-919f-cfc2fb14592e]: BUSY"}}
[debug] [2020-12-18T22:05:59.129Z] [runtime-status] [57849] Functions runtime initialized. {"cwd":"/Users/Cannigia/Code/React/amaclone/functions","node_version":"14.7.0"} {"metadata":{"emulator":{"name":"functions"},"message":"[runtime-status] [57849] Functions runtime initialized. {\"cwd\":\"/Users/Cannigia/Code/React/amaclone/functions\",\"node_version\":\"14.7.0\"}"}}
[debug] [2020-12-18T22:05:59.131Z] [runtime-status] [57849] Disabled runtime features: undefined {"metadata":{"emulator":{"name":"functions"},"message":"[runtime-status] [57849] Disabled runtime features: undefined"}}
[debug] [2020-12-18T22:05:59.139Z] [runtime-status] [57849] Resolved module firebase-admin {"declared":true,"installed":true,"version":"9.4.2","resolution":"/Users/Cannigia/Code/React/amaclone/functions/node_modules/firebase-admin/lib/index.js"} {"metadata":{"emulator":{"name":"functions"},"message":"[runtime-status] [57849] Resolved module firebase-admin {\"declared\":true,\"installed\":true,\"version\":\"9.4.2\",\"resolution\":\"/Users/Cannigia/Code/React/amaclone/functions/node_modules/firebase-admin/lib/index.js\"}"}}
[debug] [2020-12-18T22:05:59.140Z] [runtime-status] [57849] Resolved module firebase-functions {"declared":true,"installed":true,"version":"3.13.0","resolution":"/Users/Cannigia/Code/React/amaclone/functions/node_modules/firebase-functions/lib/index.js"} {"metadata":{"emulator":{"name":"functions"},"message":"[runtime-status] [57849] Resolved module firebase-functions {\"declared\":true,\"installed\":true,\"version\":\"3.13.0\",\"resolution\":\"/Users/Cannigia/Code/React/amaclone/functions/node_modules/firebase-functions/lib/index.js\"}"}}
[debug] [2020-12-18T22:05:59.147Z] [runtime-status] [57849] Resolved module firebase-functions {"declared":true,"installed":true,"version":"3.13.0","resolution":"/Users/Cannigia/Code/React/amaclone/functions/node_modules/firebase-functions/lib/index.js"} {"metadata":{"emulator":{"name":"functions"},"message":"[runtime-status] [57849] Resolved module firebase-functions {\"declared\":true,\"installed\":true,\"version\":\"3.13.0\",\"resolution\":\"/Users/Cannigia/Code/React/amaclone/functions/node_modules/firebase-functions/lib/index.js\"}"}}
[debug] [2020-12-18T22:05:59.149Z] [runtime-status] [57849] Outgoing network have been stubbed. [{"name":"http","status":"mocked"},{"name":"http","status":"mocked"},{"name":"https","status":"mocked"},{"name":"https","status":"mocked"},{"name":"net","status":"mocked"}] {"metadata":{"emulator":{"name":"functions"},"message":"[runtime-status] [57849] Outgoing network have been stubbed. [{\"name\":\"http\",\"status\":\"mocked\"},{\"name\":\"http\",\"status\":\"mocked\"},{\"name\":\"https\",\"status\":\"mocked\"},{\"name\":\"https\",\"status\":\"mocked\"},{\"name\":\"net\",\"status\":\"mocked\"}]"}}
[debug] [2020-12-18T22:05:59.150Z] [runtime-status] [57849] Resolved module firebase-functions {"declared":true,"installed":true,"version":"3.13.0","resolution":"/Users/Cannigia/Code/React/amaclone/functions/node_modules/firebase-functions/lib/index.js"} {"metadata":{"emulator":{"name":"functions"},"message":"[runtime-status] [57849] Resolved module firebase-functions {\"declared\":true,\"installed\":true,\"version\":\"3.13.0\",\"resolution\":\"/Users/Cannigia/Code/React/amaclone/functions/node_modules/firebase-functions/lib/index.js\"}"}}
[debug] [2020-12-18T22:05:59.487Z] [runtime-status] [57849] Checked functions.config() {"config":{}} {"metadata":{"emulator":{"name":"functions"},"message":"[runtime-status] [57849] Checked functions.config() {\"config\":{}}"}}
[debug] [2020-12-18T22:05:59.487Z] [runtime-status] [57849] firebase-functions has been stubbed. {"functionsResolution":{"declared":true,"installed":true,"version":"3.13.0","resolution":"/Users/Cannigia/Code/React/amaclone/functions/node_modules/firebase-functions/lib/index.js"}} {"metadata":{"emulator":{"name":"functions"},"message":"[runtime-status] [57849] firebase-functions has been stubbed. {\"functionsResolution\":{\"declared\":true,\"installed\":true,\"version\":\"3.13.0\",\"resolution\":\"/Users/Cannigia/Code/React/amaclone/functions/node_modules/firebase-functions/lib/index.js\"}}"}}
[debug] [2020-12-18T22:05:59.488Z] [runtime-status] [57849] Resolved module firebase-functions {"declared":true,"installed":true,"version":"3.13.0","resolution":"/Users/Cannigia/Code/React/amaclone/functions/node_modules/firebase-functions/lib/index.js"} {"metadata":{"emulator":{"name":"functions"},"message":"[runtime-status] [57849] Resolved module firebase-functions {\"declared\":true,\"installed\":true,\"version\":\"3.13.0\",\"resolution\":\"/Users/Cannigia/Code/React/amaclone/functions/node_modules/firebase-functions/lib/index.js\"}"}}
[debug] [2020-12-18T22:05:59.489Z] [runtime-status] [57849] Resolved module firebase-admin {"declared":true,"installed":true,"version":"9.4.2","resolution":"/Users/Cannigia/Code/React/amaclone/functions/node_modules/firebase-admin/lib/index.js"} {"metadata":{"emulator":{"name":"functions"},"message":"[runtime-status] [57849] Resolved module firebase-admin {\"declared\":true,\"installed\":true,\"version\":\"9.4.2\",\"resolution\":\"/Users/Cannigia/Code/React/amaclone/functions/node_modules/firebase-admin/lib/index.js\"}"}}
[debug] [2020-12-18T22:05:59.490Z] [runtime-status] [57849] Resolved module firebase-functions {"declared":true,"installed":true,"version":"3.13.0","resolution":"/Users/Cannigia/Code/React/amaclone/functions/node_modules/firebase-functions/lib/index.js"} {"metadata":{"emulator":{"name":"functions"},"message":"[runtime-status] [57849] Resolved module firebase-functions {\"declared\":true,\"installed\":true,\"version\":\"3.13.0\",\"resolution\":\"/Users/Cannigia/Code/React/amaclone/functions/node_modules/firebase-functions/lib/index.js\"}"}}
[debug] [2020-12-18T22:05:59.490Z] [runtime-status] [57849] firebase-admin has been stubbed. {"adminResolution":{"declared":true,"installed":true,"version":"9.4.2","resolution":"/Users/Cannigia/Code/React/amaclone/functions/node_modules/firebase-admin/lib/index.js"}} {"metadata":{"emulator":{"name":"functions"},"message":"[runtime-status] [57849] firebase-admin has been stubbed. {\"adminResolution\":{\"declared\":true,\"installed\":true,\"version\":\"9.4.2\",\"resolution\":\"/Users/Cannigia/Code/React/amaclone/functions/node_modules/firebase-admin/lib/index.js\"}}"}}
[info] ✔  functions[api]: http function initialized (http://localhost:5001/amaclone01/us-central1/api). {"metadata":{"emulator":{"name":"functions"},"message":"\u001b[1mhttp\u001b[22m function initialized (http://localhost:5001/amaclone01/us-central1/api)."}}
[info] 
┌────────────────────────────────────────────────────────────────┐
│ ✔  All emulators ready! View status and logs at localhost:4000 │
└────────────────────────────────────────────────────────────────┘

┌───────────┬────────────────┬──────────────────────────┐
│ Emulator  │ Host:Port      │ View in Emulator UI      │
├───────────┼────────────────┼──────────────────────────┤
│ Functions │ localhost:5001 │ localhost:4000/functions │
├───────────┼────────────────┼──────────────────────────┤
│ Hosting   │ localhost:5000 │ n/a                      │
└───────────┴────────────────┴──────────────────────────┘
  Other reserved ports: 4400, 4500

Issues? Report them at https://github.com/firebase/firebase-tools/issues and attach the *-debug.log files.
 
[debug] [2020-12-18T22:05:59.885Z] [worker-~diagnostic~-dbe17371-94ea-4dfb-919f-cfc2fb14592e]: IDLE {"metadata":{"emulator":{"name":"functions"},"message":"[worker-~diagnostic~-dbe17371-94ea-4dfb-919f-cfc2fb14592e]: IDLE"}}
[info] i  hosting: 127.0.0.1 - - [18/Dec/2020:22:07:01 +0000] "GET / HTTP/1.1" 200 2309 "http://localhost:4000/" "Mozilla/5.0 (Macintosh; Intel Mac OS X 10_15_7) AppleWebKit/537.36 (KHTML, like Gecko) Chrome/87.0.4280.88 Safari/537.36" {"metadata":{"emulator":{"name":"hosting"},"message":"127.0.0.1 - - [18/Dec/2020:22:07:01 +0000] \"GET / HTTP/1.1\" 200 2309 \"http://localhost:4000/\" \"Mozilla/5.0 (Macintosh; Intel Mac OS X 10_15_7) AppleWebKit/537.36 (KHTML, like Gecko) Chrome/87.0.4280.88 Safari/537.36\""}}
[info] i  hosting: 127.0.0.1 - - [18/Dec/2020:22:07:02 +0000] "GET /static/css/main.5c820cb9.chunk.css HTTP/1.1" 200 3915 "http://localhost:5000/" "Mozilla/5.0 (Macintosh; Intel Mac OS X 10_15_7) AppleWebKit/537.36 (KHTML, like Gecko) Chrome/87.0.4280.88 Safari/537.36" {"metadata":{"emulator":{"name":"hosting"},"message":"127.0.0.1 - - [18/Dec/2020:22:07:02 +0000] \"GET /static/css/main.5c820cb9.chunk.css HTTP/1.1\" 200 3915 \"http://localhost:5000/\" \"Mozilla/5.0 (Macintosh; Intel Mac OS X 10_15_7) AppleWebKit/537.36 (KHTML, like Gecko) Chrome/87.0.4280.88 Safari/537.36\""}}
[info] i  hosting: 127.0.0.1 - - [18/Dec/2020:22:07:02 +0000] "GET /static/js/main.e2737a24.chunk.js HTTP/1.1" 200 11080 "http://localhost:5000/" "Mozilla/5.0 (Macintosh; Intel Mac OS X 10_15_7) AppleWebKit/537.36 (KHTML, like Gecko) Chrome/87.0.4280.88 Safari/537.36" {"metadata":{"emulator":{"name":"hosting"},"message":"127.0.0.1 - - [18/Dec/2020:22:07:02 +0000] \"GET /static/js/main.e2737a24.chunk.js HTTP/1.1\" 200 11080 \"http://localhost:5000/\" \"Mozilla/5.0 (Macintosh; Intel Mac OS X 10_15_7) AppleWebKit/537.36 (KHTML, like Gecko) Chrome/87.0.4280.88 Safari/537.36\""}}
[info] i  hosting: 127.0.0.1 - - [18/Dec/2020:22:07:02 +0000] "GET /static/js/2.227fd0d8.chunk.js HTTP/1.1" 200 1006170 "http://localhost:5000/" "Mozilla/5.0 (Macintosh; Intel Mac OS X 10_15_7) AppleWebKit/537.36 (KHTML, like Gecko) Chrome/87.0.4280.88 Safari/537.36" {"metadata":{"emulator":{"name":"hosting"},"message":"127.0.0.1 - - [18/Dec/2020:22:07:02 +0000] \"GET /static/js/2.227fd0d8.chunk.js HTTP/1.1\" 200 1006170 \"http://localhost:5000/\" \"Mozilla/5.0 (Macintosh; Intel Mac OS X 10_15_7) AppleWebKit/537.36 (KHTML, like Gecko) Chrome/87.0.4280.88 Safari/537.36\""}}
[info] i  hosting: 127.0.0.1 - - [18/Dec/2020:22:07:03 +0000] "GET /favicon.ico HTTP/1.1" 200 3870 "http://localhost:5000/" "Mozilla/5.0 (Macintosh; Intel Mac OS X 10_15_7) AppleWebKit/537.36 (KHTML, like Gecko) Chrome/87.0.4280.88 Safari/537.36" {"metadata":{"emulator":{"name":"hosting"},"message":"127.0.0.1 - - [18/Dec/2020:22:07:03 +0000] \"GET /favicon.ico HTTP/1.1\" 200 3870 \"http://localhost:5000/\" \"Mozilla/5.0 (Macintosh; Intel Mac OS X 10_15_7) AppleWebKit/537.36 (KHTML, like Gecko) Chrome/87.0.4280.88 Safari/537.36\""}}
[info] i  hosting: 127.0.0.1 - - [18/Dec/2020:22:07:03 +0000] "GET /manifest.json HTTP/1.1" 200 492 "http://localhost:5000/" "Mozilla/5.0 (Macintosh; Intel Mac OS X 10_15_7) AppleWebKit/537.36 (KHTML, like Gecko) Chrome/87.0.4280.88 Safari/537.36" {"metadata":{"emulator":{"name":"hosting"},"message":"127.0.0.1 - - [18/Dec/2020:22:07:03 +0000] \"GET /manifest.json HTTP/1.1\" 200 492 \"http://localhost:5000/\" \"Mozilla/5.0 (Macintosh; Intel Mac OS X 10_15_7) AppleWebKit/537.36 (KHTML, like Gecko) Chrome/87.0.4280.88 Safari/537.36\""}}
[info] i  hosting: 127.0.0.1 - - [18/Dec/2020:22:07:03 +0000] "GET /logo192.png HTTP/1.1" 200 5347 "http://localhost:5000/" "Mozilla/5.0 (Macintosh; Intel Mac OS X 10_15_7) AppleWebKit/537.36 (KHTML, like Gecko) Chrome/87.0.4280.88 Safari/537.36" {"metadata":{"emulator":{"name":"hosting"},"message":"127.0.0.1 - - [18/Dec/2020:22:07:03 +0000] \"GET /logo192.png HTTP/1.1\" 200 5347 \"http://localhost:5000/\" \"Mozilla/5.0 (Macintosh; Intel Mac OS X 10_15_7) AppleWebKit/537.36 (KHTML, like Gecko) Chrome/87.0.4280.88 Safari/537.36\""}}
[debug] [2020-12-18T22:09:27.202Z] [work-queue] {"queueLength":1,"workRunningCount":0}
[debug] [2020-12-18T22:09:27.205Z] [work-queue] {"queueLength":0,"workRunningCount":1}
[debug] [2020-12-18T22:09:27.209Z] Accepted request GET /amaclone01/us-central1/api --> api
[debug] [2020-12-18T22:09:27.224Z] [worker-pool] addWorker(api) {"metadata":{"emulator":{"name":"functions"},"message":"[worker-pool] addWorker(api)"}}
[debug] [2020-12-18T22:09:27.225Z] [worker-pool] Adding worker with key api, total=1 {"metadata":{"emulator":{"name":"functions"},"message":"[worker-pool] Adding worker with key api, total=1"}}
[debug] [2020-12-18T22:09:27.225Z] [worker-pool] submitWork(triggerId=api) {"metadata":{"emulator":{"name":"functions"},"message":"[worker-pool] submitWork(triggerId=api)"}}
[debug] [2020-12-18T22:09:27.226Z] [worker-api-3c633f49-557a-4a93-a29c-000832588a95]: Assigning socketPath: /var/folders/yx/sdbspgx96qb93ww_cs831pqm0000gn/T/fire_emu_58038.sock {"metadata":{"emulator":{"name":"functions"},"message":"[worker-api-3c633f49-557a-4a93-a29c-000832588a95]: Assigning socketPath: /var/folders/yx/sdbspgx96qb93ww_cs831pqm0000gn/T/fire_emu_58038.sock"}}
[debug] [2020-12-18T22:09:27.226Z] [worker-api-3c633f49-557a-4a93-a29c-000832588a95]: BUSY {"metadata":{"emulator":{"name":"functions"},"message":"[worker-api-3c633f49-557a-4a93-a29c-000832588a95]: BUSY"}}
[debug] [2020-12-18T22:09:27.768Z] [runtime-status] [58038] Functions runtime initialized. {"cwd":"/Users/Cannigia/Code/React/amaclone/functions","node_version":"14.7.0"} {"metadata":{"emulator":{"name":"functions"},"function":{"name":"api"},"message":"[runtime-status] [58038] Functions runtime initialized. {\"cwd\":\"/Users/Cannigia/Code/React/amaclone/functions\",\"node_version\":\"14.7.0\"}"}}
[debug] [2020-12-18T22:09:27.779Z] [runtime-status] [58038] Disabled runtime features: undefined {"metadata":{"emulator":{"name":"functions"},"function":{"name":"api"},"message":"[runtime-status] [58038] Disabled runtime features: undefined"}}
[debug] [2020-12-18T22:09:27.793Z] [runtime-status] [58038] Resolved module firebase-admin {"declared":true,"installed":true,"version":"9.4.2","resolution":"/Users/Cannigia/Code/React/amaclone/functions/node_modules/firebase-admin/lib/index.js"} {"metadata":{"emulator":{"name":"functions"},"function":{"name":"api"},"message":"[runtime-status] [58038] Resolved module firebase-admin {\"declared\":true,\"installed\":true,\"version\":\"9.4.2\",\"resolution\":\"/Users/Cannigia/Code/React/amaclone/functions/node_modules/firebase-admin/lib/index.js\"}"}}
[debug] [2020-12-18T22:09:27.795Z] [runtime-status] [58038] Resolved module firebase-functions {"declared":true,"installed":true,"version":"3.13.0","resolution":"/Users/Cannigia/Code/React/amaclone/functions/node_modules/firebase-functions/lib/index.js"} {"metadata":{"emulator":{"name":"functions"},"function":{"name":"api"},"message":"[runtime-status] [58038] Resolved module firebase-functions {\"declared\":true,\"installed\":true,\"version\":\"3.13.0\",\"resolution\":\"/Users/Cannigia/Code/React/amaclone/functions/node_modules/firebase-functions/lib/index.js\"}"}}
[debug] [2020-12-18T22:09:27.798Z] [runtime-status] [58038] Resolved module firebase-functions {"declared":true,"installed":true,"version":"3.13.0","resolution":"/Users/Cannigia/Code/React/amaclone/functions/node_modules/firebase-functions/lib/index.js"} {"metadata":{"emulator":{"name":"functions"},"function":{"name":"api"},"message":"[runtime-status] [58038] Resolved module firebase-functions {\"declared\":true,\"installed\":true,\"version\":\"3.13.0\",\"resolution\":\"/Users/Cannigia/Code/React/amaclone/functions/node_modules/firebase-functions/lib/index.js\"}"}}
[debug] [2020-12-18T22:09:27.803Z] [runtime-status] [58038] Outgoing network have been stubbed. [{"name":"http","status":"mocked"},{"name":"http","status":"mocked"},{"name":"https","status":"mocked"},{"name":"https","status":"mocked"},{"name":"net","status":"mocked"}] {"metadata":{"emulator":{"name":"functions"},"function":{"name":"api"},"message":"[runtime-status] [58038] Outgoing network have been stubbed. [{\"name\":\"http\",\"status\":\"mocked\"},{\"name\":\"http\",\"status\":\"mocked\"},{\"name\":\"https\",\"status\":\"mocked\"},{\"name\":\"https\",\"status\":\"mocked\"},{\"name\":\"net\",\"status\":\"mocked\"}]"}}
[debug] [2020-12-18T22:09:27.806Z] [runtime-status] [58038] Resolved module firebase-functions {"declared":true,"installed":true,"version":"3.13.0","resolution":"/Users/Cannigia/Code/React/amaclone/functions/node_modules/firebase-functions/lib/index.js"} {"metadata":{"emulator":{"name":"functions"},"function":{"name":"api"},"message":"[runtime-status] [58038] Resolved module firebase-functions {\"declared\":true,\"installed\":true,\"version\":\"3.13.0\",\"resolution\":\"/Users/Cannigia/Code/React/amaclone/functions/node_modules/firebase-functions/lib/index.js\"}"}}
[debug] [2020-12-18T22:09:27.920Z] [runtime-status] [58038] Checked functions.config() {"config":{}} {"metadata":{"emulator":{"name":"functions"},"function":{"name":"api"},"message":"[runtime-status] [58038] Checked functions.config() {\"config\":{}}"}}
[debug] [2020-12-18T22:09:27.921Z] [runtime-status] [58038] firebase-functions has been stubbed. {"functionsResolution":{"declared":true,"installed":true,"version":"3.13.0","resolution":"/Users/Cannigia/Code/React/amaclone/functions/node_modules/firebase-functions/lib/index.js"}} {"metadata":{"emulator":{"name":"functions"},"function":{"name":"api"},"message":"[runtime-status] [58038] firebase-functions has been stubbed. {\"functionsResolution\":{\"declared\":true,\"installed\":true,\"version\":\"3.13.0\",\"resolution\":\"/Users/Cannigia/Code/React/amaclone/functions/node_modules/firebase-functions/lib/index.js\"}}"}}
[debug] [2020-12-18T22:09:27.923Z] [runtime-status] [58038] Resolved module firebase-functions {"declared":true,"installed":true,"version":"3.13.0","resolution":"/Users/Cannigia/Code/React/amaclone/functions/node_modules/firebase-functions/lib/index.js"} {"metadata":{"emulator":{"name":"functions"},"function":{"name":"api"},"message":"[runtime-status] [58038] Resolved module firebase-functions {\"declared\":true,\"installed\":true,\"version\":\"3.13.0\",\"resolution\":\"/Users/Cannigia/Code/React/amaclone/functions/node_modules/firebase-functions/lib/index.js\"}"}}
[debug] [2020-12-18T22:09:27.925Z] [runtime-status] [58038] Resolved module firebase-admin {"declared":true,"installed":true,"version":"9.4.2","resolution":"/Users/Cannigia/Code/React/amaclone/functions/node_modules/firebase-admin/lib/index.js"} {"metadata":{"emulator":{"name":"functions"},"function":{"name":"api"},"message":"[runtime-status] [58038] Resolved module firebase-admin {\"declared\":true,\"installed\":true,\"version\":\"9.4.2\",\"resolution\":\"/Users/Cannigia/Code/React/amaclone/functions/node_modules/firebase-admin/lib/index.js\"}"}}
[debug] [2020-12-18T22:09:27.925Z] [runtime-status] [58038] Resolved module firebase-functions {"declared":true,"installed":true,"version":"3.13.0","resolution":"/Users/Cannigia/Code/React/amaclone/functions/node_modules/firebase-functions/lib/index.js"} {"metadata":{"emulator":{"name":"functions"},"function":{"name":"api"},"message":"[runtime-status] [58038] Resolved module firebase-functions {\"declared\":true,\"installed\":true,\"version\":\"3.13.0\",\"resolution\":\"/Users/Cannigia/Code/React/amaclone/functions/node_modules/firebase-functions/lib/index.js\"}"}}
[debug] [2020-12-18T22:09:27.926Z] [runtime-status] [58038] firebase-admin has been stubbed. {"adminResolution":{"declared":true,"installed":true,"version":"9.4.2","resolution":"/Users/Cannigia/Code/React/amaclone/functions/node_modules/firebase-admin/lib/index.js"}} {"metadata":{"emulator":{"name":"functions"},"function":{"name":"api"},"message":"[runtime-status] [58038] firebase-admin has been stubbed. {\"adminResolution\":{\"declared\":true,\"installed\":true,\"version\":\"9.4.2\",\"resolution\":\"/Users/Cannigia/Code/React/amaclone/functions/node_modules/firebase-admin/lib/index.js\"}}"}}
[debug] [2020-12-18T22:09:28.310Z] [runtime-status] [58038] Trigger "api" has been found, beginning invocation! {"metadata":{"emulator":{"name":"functions"},"function":{"name":"api"},"message":"[runtime-status] [58038] Trigger \"api\" has been found, beginning invocation!"}}
[info] i  functions: Beginning execution of "api" {"metadata":{"emulator":{"name":"functions"},"function":{"name":"api"},"message":"Beginning execution of \"api\""}}
[debug] [2020-12-18T22:09:28.313Z] [runtime-status] [58038] triggerDefinition {"httpsTrigger":{},"name":"api","entryPoint":"api"} {"metadata":{"emulator":{"name":"functions"},"function":{"name":"api"},"message":"[runtime-status] [58038] triggerDefinition {\"httpsTrigger\":{},\"name\":\"api\",\"entryPoint\":\"api\"}"}}
[debug] [2020-12-18T22:09:28.313Z] [runtime-status] [58038] Running api in mode HTTPS {"metadata":{"emulator":{"name":"functions"},"function":{"name":"api"},"message":"[runtime-status] [58038] Running api in mode HTTPS"}}
[debug] [2020-12-18T22:09:28.412Z] [runtime-status] [58038] Attempting to listen to socketPath: /var/folders/yx/sdbspgx96qb93ww_cs831pqm0000gn/T/fire_emu_58038.sock {"metadata":{"emulator":{"name":"functions"},"function":{"name":"api"},"message":"[runtime-status] [58038] Attempting to listen to socketPath: /var/folders/yx/sdbspgx96qb93ww_cs831pqm0000gn/T/fire_emu_58038.sock"}}
[debug] [2020-12-18T22:09:28.451Z] [functions] Runtime ready! Sending request! {"metadata":{"emulator":{"name":"functions"},"message":"[functions] Runtime ready! Sending request!"}}
[debug] [2020-12-18T22:09:28.550Z] [runtime-status] [58038] Ephemeral server handling GET request {"metadata":{"emulator":{"name":"functions"},"function":{"name":"api"},"message":"[runtime-status] [58038] Ephemeral server handling GET request"}}
[debug] [2020-12-18T22:09:28.563Z] [work-queue] {"queueLength":1,"workRunningCount":1}
[debug] [2020-12-18T22:09:28.564Z] [work-queue] {"queueLength":0,"workRunningCount":2}
[debug] [2020-12-18T22:09:28.564Z] Accepted request GET /amaclone01/us-central1/api --> api
[debug] [2020-12-18T22:09:28.576Z] [worker-pool] addWorker(api) {"metadata":{"emulator":{"name":"functions"},"message":"[worker-pool] addWorker(api)"}}
[debug] [2020-12-18T22:09:28.576Z] [worker-pool] Adding worker with key api, total=2 {"metadata":{"emulator":{"name":"functions"},"message":"[worker-pool] Adding worker with key api, total=2"}}
[debug] [2020-12-18T22:09:28.576Z] [worker-pool] submitWork(triggerId=api) {"metadata":{"emulator":{"name":"functions"},"message":"[worker-pool] submitWork(triggerId=api)"}}
[debug] [2020-12-18T22:09:28.576Z] [worker-api-455458eb-914b-4e20-bb4c-13d4a0016eb3]: Assigning socketPath: /var/folders/yx/sdbspgx96qb93ww_cs831pqm0000gn/T/fire_emu_58039.sock {"metadata":{"emulator":{"name":"functions"},"message":"[worker-api-455458eb-914b-4e20-bb4c-13d4a0016eb3]: Assigning socketPath: /var/folders/yx/sdbspgx96qb93ww_cs831pqm0000gn/T/fire_emu_58039.sock"}}
[debug] [2020-12-18T22:09:28.576Z] [worker-api-455458eb-914b-4e20-bb4c-13d4a0016eb3]: BUSY {"metadata":{"emulator":{"name":"functions"},"message":"[worker-api-455458eb-914b-4e20-bb4c-13d4a0016eb3]: BUSY"}}
[debug] [2020-12-18T22:09:28.710Z] [runtime-status] [58038] Ephemeral server survived. {"metadata":{"emulator":{"name":"functions"},"function":{"name":"api"},"message":"[runtime-status] [58038] Ephemeral server survived."}}
[info] i  functions: Finished "api" in ~1s {"metadata":{"emulator":{"name":"functions"},"function":{"name":"api"},"message":"Finished \"api\" in ~1s"}}
[debug] [2020-12-18T22:09:28.718Z] [worker-api-3c633f49-557a-4a93-a29c-000832588a95]: IDLE {"metadata":{"emulator":{"name":"functions"},"message":"[worker-api-3c633f49-557a-4a93-a29c-000832588a95]: IDLE"}}
[debug] [2020-12-18T22:09:28.719Z] [work-queue] {"queueLength":0,"workRunningCount":1}
[debug] [2020-12-18T22:09:29.142Z] Functions emulator received unknown request at path /favicon.ico
[debug] [2020-12-18T22:09:29.369Z] [runtime-status] [58039] Functions runtime initialized. {"cwd":"/Users/Cannigia/Code/React/amaclone/functions","node_version":"14.7.0"} {"metadata":{"emulator":{"name":"functions"},"function":{"name":"api"},"message":"[runtime-status] [58039] Functions runtime initialized. {\"cwd\":\"/Users/Cannigia/Code/React/amaclone/functions\",\"node_version\":\"14.7.0\"}"}}
[debug] [2020-12-18T22:09:29.378Z] [runtime-status] [58039] Disabled runtime features: undefined {"metadata":{"emulator":{"name":"functions"},"function":{"name":"api"},"message":"[runtime-status] [58039] Disabled runtime features: undefined"}}
[debug] [2020-12-18T22:09:29.386Z] [runtime-status] [58039] Resolved module firebase-admin {"declared":true,"installed":true,"version":"9.4.2","resolution":"/Users/Cannigia/Code/React/amaclone/functions/node_modules/firebase-admin/lib/index.js"} {"metadata":{"emulator":{"name":"functions"},"function":{"name":"api"},"message":"[runtime-status] [58039] Resolved module firebase-admin {\"declared\":true,\"installed\":true,\"version\":\"9.4.2\",\"resolution\":\"/Users/Cannigia/Code/React/amaclone/functions/node_modules/firebase-admin/lib/index.js\"}"}}
[debug] [2020-12-18T22:09:29.390Z] [runtime-status] [58039] Resolved module firebase-functions {"declared":true,"installed":true,"version":"3.13.0","resolution":"/Users/Cannigia/Code/React/amaclone/functions/node_modules/firebase-functions/lib/index.js"} {"metadata":{"emulator":{"name":"functions"},"function":{"name":"api"},"message":"[runtime-status] [58039] Resolved module firebase-functions {\"declared\":true,\"installed\":true,\"version\":\"3.13.0\",\"resolution\":\"/Users/Cannigia/Code/React/amaclone/functions/node_modules/firebase-functions/lib/index.js\"}"}}
[debug] [2020-12-18T22:09:29.396Z] [runtime-status] [58039] Resolved module firebase-functions {"declared":true,"installed":true,"version":"3.13.0","resolution":"/Users/Cannigia/Code/React/amaclone/functions/node_modules/firebase-functions/lib/index.js"} {"metadata":{"emulator":{"name":"functions"},"function":{"name":"api"},"message":"[runtime-status] [58039] Resolved module firebase-functions {\"declared\":true,\"installed\":true,\"version\":\"3.13.0\",\"resolution\":\"/Users/Cannigia/Code/React/amaclone/functions/node_modules/firebase-functions/lib/index.js\"}"}}
[debug] [2020-12-18T22:09:29.400Z] [runtime-status] [58039] Outgoing network have been stubbed. [{"name":"http","status":"mocked"},{"name":"http","status":"mocked"},{"name":"https","status":"mocked"},{"name":"https","status":"mocked"},{"name":"net","status":"mocked"}] {"metadata":{"emulator":{"name":"functions"},"function":{"name":"api"},"message":"[runtime-status] [58039] Outgoing network have been stubbed. [{\"name\":\"http\",\"status\":\"mocked\"},{\"name\":\"http\",\"status\":\"mocked\"},{\"name\":\"https\",\"status\":\"mocked\"},{\"name\":\"https\",\"status\":\"mocked\"},{\"name\":\"net\",\"status\":\"mocked\"}]"}}
[debug] [2020-12-18T22:09:29.401Z] [runtime-status] [58039] Resolved module firebase-functions {"declared":true,"installed":true,"version":"3.13.0","resolution":"/Users/Cannigia/Code/React/amaclone/functions/node_modules/firebase-functions/lib/index.js"} {"metadata":{"emulator":{"name":"functions"},"function":{"name":"api"},"message":"[runtime-status] [58039] Resolved module firebase-functions {\"declared\":true,\"installed\":true,\"version\":\"3.13.0\",\"resolution\":\"/Users/Cannigia/Code/React/amaclone/functions/node_modules/firebase-functions/lib/index.js\"}"}}
[debug] [2020-12-18T22:09:29.484Z] [runtime-status] [58039] Checked functions.config() {"config":{}} {"metadata":{"emulator":{"name":"functions"},"function":{"name":"api"},"message":"[runtime-status] [58039] Checked functions.config() {\"config\":{}}"}}
[debug] [2020-12-18T22:09:29.489Z] [runtime-status] [58039] firebase-functions has been stubbed. {"functionsResolution":{"declared":true,"installed":true,"version":"3.13.0","resolution":"/Users/Cannigia/Code/React/amaclone/functions/node_modules/firebase-functions/lib/index.js"}} {"metadata":{"emulator":{"name":"functions"},"function":{"name":"api"},"message":"[runtime-status] [58039] firebase-functions has been stubbed. {\"functionsResolution\":{\"declared\":true,\"installed\":true,\"version\":\"3.13.0\",\"resolution\":\"/Users/Cannigia/Code/React/amaclone/functions/node_modules/firebase-functions/lib/index.js\"}}"}}
[debug] [2020-12-18T22:09:29.491Z] [runtime-status] [58039] Resolved module firebase-functions {"declared":true,"installed":true,"version":"3.13.0","resolution":"/Users/Cannigia/Code/React/amaclone/functions/node_modules/firebase-functions/lib/index.js"} {"metadata":{"emulator":{"name":"functions"},"function":{"name":"api"},"message":"[runtime-status] [58039] Resolved module firebase-functions {\"declared\":true,\"installed\":true,\"version\":\"3.13.0\",\"resolution\":\"/Users/Cannigia/Code/React/amaclone/functions/node_modules/firebase-functions/lib/index.js\"}"}}
[debug] [2020-12-18T22:09:29.493Z] [runtime-status] [58039] Resolved module firebase-admin {"declared":true,"installed":true,"version":"9.4.2","resolution":"/Users/Cannigia/Code/React/amaclone/functions/node_modules/firebase-admin/lib/index.js"} {"metadata":{"emulator":{"name":"functions"},"function":{"name":"api"},"message":"[runtime-status] [58039] Resolved module firebase-admin {\"declared\":true,\"installed\":true,\"version\":\"9.4.2\",\"resolution\":\"/Users/Cannigia/Code/React/amaclone/functions/node_modules/firebase-admin/lib/index.js\"}"}}
[debug] [2020-12-18T22:09:29.506Z] [runtime-status] [58039] Resolved module firebase-functions {"declared":true,"installed":true,"version":"3.13.0","resolution":"/Users/Cannigia/Code/React/amaclone/functions/node_modules/firebase-functions/lib/index.js"} {"metadata":{"emulator":{"name":"functions"},"function":{"name":"api"},"message":"[runtime-status] [58039] Resolved module firebase-functions {\"declared\":true,\"installed\":true,\"version\":\"3.13.0\",\"resolution\":\"/Users/Cannigia/Code/React/amaclone/functions/node_modules/firebase-functions/lib/index.js\"}"}}
[debug] [2020-12-18T22:09:29.509Z] [runtime-status] [58039] firebase-admin has been stubbed. {"adminResolution":{"declared":true,"installed":true,"version":"9.4.2","resolution":"/Users/Cannigia/Code/React/amaclone/functions/node_modules/firebase-admin/lib/index.js"}} {"metadata":{"emulator":{"name":"functions"},"function":{"name":"api"},"message":"[runtime-status] [58039] firebase-admin has been stubbed. {\"adminResolution\":{\"declared\":true,\"installed\":true,\"version\":\"9.4.2\",\"resolution\":\"/Users/Cannigia/Code/React/amaclone/functions/node_modules/firebase-admin/lib/index.js\"}}"}}
[debug] [2020-12-18T22:09:29.915Z] [runtime-status] [58039] Trigger "api" has been found, beginning invocation! {"metadata":{"emulator":{"name":"functions"},"function":{"name":"api"},"message":"[runtime-status] [58039] Trigger \"api\" has been found, beginning invocation!"}}
[info] i  functions: Beginning execution of "api" {"metadata":{"emulator":{"name":"functions"},"function":{"name":"api"},"message":"Beginning execution of \"api\""}}
[debug] [2020-12-18T22:09:29.916Z] [runtime-status] [58039] triggerDefinition {"httpsTrigger":{},"name":"api","entryPoint":"api"} {"metadata":{"emulator":{"name":"functions"},"function":{"name":"api"},"message":"[runtime-status] [58039] triggerDefinition {\"httpsTrigger\":{},\"name\":\"api\",\"entryPoint\":\"api\"}"}}
[debug] [2020-12-18T22:09:29.916Z] [runtime-status] [58039] Running api in mode HTTPS {"metadata":{"emulator":{"name":"functions"},"function":{"name":"api"},"message":"[runtime-status] [58039] Running api in mode HTTPS"}}
[debug] [2020-12-18T22:09:29.946Z] [runtime-status] [58039] Attempting to listen to socketPath: /var/folders/yx/sdbspgx96qb93ww_cs831pqm0000gn/T/fire_emu_58039.sock {"metadata":{"emulator":{"name":"functions"},"function":{"name":"api"},"message":"[runtime-status] [58039] Attempting to listen to socketPath: /var/folders/yx/sdbspgx96qb93ww_cs831pqm0000gn/T/fire_emu_58039.sock"}}
[debug] [2020-12-18T22:09:29.963Z] [functions] Runtime ready! Sending request! {"metadata":{"emulator":{"name":"functions"},"message":"[functions] Runtime ready! Sending request!"}}
[debug] [2020-12-18T22:09:29.991Z] [runtime-status] [58039] Ephemeral server handling GET request {"metadata":{"emulator":{"name":"functions"},"function":{"name":"api"},"message":"[runtime-status] [58039] Ephemeral server handling GET request"}}
[debug] [2020-12-18T22:09:30.022Z] [runtime-status] [58039] Ephemeral server survived. {"metadata":{"emulator":{"name":"functions"},"function":{"name":"api"},"message":"[runtime-status] [58039] Ephemeral server survived."}}
[info] i  functions: Finished "api" in ~1s {"metadata":{"emulator":{"name":"functions"},"function":{"name":"api"},"message":"Finished \"api\" in ~1s"}}
[debug] [2020-12-18T22:09:30.051Z] [worker-api-455458eb-914b-4e20-bb4c-13d4a0016eb3]: IDLE {"metadata":{"emulator":{"name":"functions"},"message":"[worker-api-455458eb-914b-4e20-bb4c-13d4a0016eb3]: IDLE"}}
[debug] [2020-12-18T22:09:30.051Z] [work-queue] {"queueLength":0,"workRunningCount":0}
[debug] [2020-12-19T15:06:24.618Z] File /Users/Cannigia/Code/React/amaclone/functions/index.js changed, reloading triggers {"metadata":{"emulator":{"name":"functions"},"message":"File /Users/Cannigia/Code/React/amaclone/functions/index.js changed, reloading triggers"}}
[debug] [2020-12-19T15:06:26.489Z] [worker-pool] Shutting down IDLE worker (~diagnostic~) {"metadata":{"emulator":{"name":"functions"},"message":"[worker-pool] Shutting down IDLE worker (~diagnostic~)"}}
[debug] [2020-12-19T15:06:26.570Z] [worker-~diagnostic~-dbe17371-94ea-4dfb-919f-cfc2fb14592e]: FINISHING {"metadata":{"emulator":{"name":"functions"},"message":"[worker-~diagnostic~-dbe17371-94ea-4dfb-919f-cfc2fb14592e]: FINISHING"}}
[debug] [2020-12-19T15:06:26.831Z] [worker-pool] Shutting down IDLE worker (api) {"metadata":{"emulator":{"name":"functions"},"message":"[worker-pool] Shutting down IDLE worker (api)"}}
[debug] [2020-12-19T15:06:26.942Z] [worker-api-3c633f49-557a-4a93-a29c-000832588a95]: FINISHING {"metadata":{"emulator":{"name":"functions"},"message":"[worker-api-3c633f49-557a-4a93-a29c-000832588a95]: FINISHING"}}
[debug] [2020-12-19T15:06:26.953Z] [worker-pool] Shutting down IDLE worker (api) {"metadata":{"emulator":{"name":"functions"},"message":"[worker-pool] Shutting down IDLE worker (api)"}}
[debug] [2020-12-19T15:06:26.969Z] [worker-api-455458eb-914b-4e20-bb4c-13d4a0016eb3]: FINISHING {"metadata":{"emulator":{"name":"functions"},"message":"[worker-api-455458eb-914b-4e20-bb4c-13d4a0016eb3]: FINISHING"}}
[debug] [2020-12-19T15:06:28.335Z] [worker-pool] addWorker(~diagnostic~) {"metadata":{"emulator":{"name":"functions"},"message":"[worker-pool] addWorker(~diagnostic~)"}}
[debug] [2020-12-19T15:06:28.336Z] [worker-pool] Adding worker with key ~diagnostic~, total=2 {"metadata":{"emulator":{"name":"functions"},"message":"[worker-pool] Adding worker with key ~diagnostic~, total=2"}}
[debug] [2020-12-19T15:06:28.337Z] [worker-pool] submitWork(triggerId=) {"metadata":{"emulator":{"name":"functions"},"message":"[worker-pool] submitWork(triggerId=)"}}
[debug] [2020-12-19T15:06:28.339Z] [worker-~diagnostic~-4eb43176-2332-4d39-b77d-3b7b3a2fe7de]: Assigning socketPath: /var/folders/yx/sdbspgx96qb93ww_cs831pqm0000gn/T/fire_emu_2755.sock {"metadata":{"emulator":{"name":"functions"},"message":"[worker-~diagnostic~-4eb43176-2332-4d39-b77d-3b7b3a2fe7de]: Assigning socketPath: /var/folders/yx/sdbspgx96qb93ww_cs831pqm0000gn/T/fire_emu_2755.sock"}}
[debug] [2020-12-19T15:06:28.348Z] [worker-~diagnostic~-4eb43176-2332-4d39-b77d-3b7b3a2fe7de]: BUSY {"metadata":{"emulator":{"name":"functions"},"message":"[worker-~diagnostic~-4eb43176-2332-4d39-b77d-3b7b3a2fe7de]: BUSY"}}
[debug] [2020-12-19T15:06:28.827Z] [worker-~diagnostic~-dbe17371-94ea-4dfb-919f-cfc2fb14592e]: exited {"metadata":{"emulator":{"name":"functions"},"message":"[worker-~diagnostic~-dbe17371-94ea-4dfb-919f-cfc2fb14592e]: exited"}}
[debug] [2020-12-19T15:06:28.828Z] [worker-~diagnostic~-dbe17371-94ea-4dfb-919f-cfc2fb14592e]: FINISHED {"metadata":{"emulator":{"name":"functions"},"message":"[worker-~diagnostic~-dbe17371-94ea-4dfb-919f-cfc2fb14592e]: FINISHED"}}
[debug] [2020-12-19T15:06:28.829Z] [worker-api-3c633f49-557a-4a93-a29c-000832588a95]: exited {"metadata":{"emulator":{"name":"functions"},"message":"[worker-api-3c633f49-557a-4a93-a29c-000832588a95]: exited"}}
[debug] [2020-12-19T15:06:28.830Z] [worker-api-3c633f49-557a-4a93-a29c-000832588a95]: FINISHED {"metadata":{"emulator":{"name":"functions"},"message":"[worker-api-3c633f49-557a-4a93-a29c-000832588a95]: FINISHED"}}
[debug] [2020-12-19T15:06:28.830Z] [worker-api-455458eb-914b-4e20-bb4c-13d4a0016eb3]: exited {"metadata":{"emulator":{"name":"functions"},"message":"[worker-api-455458eb-914b-4e20-bb4c-13d4a0016eb3]: exited"}}
[debug] [2020-12-19T15:06:28.830Z] [worker-api-455458eb-914b-4e20-bb4c-13d4a0016eb3]: FINISHED {"metadata":{"emulator":{"name":"functions"},"message":"[worker-api-455458eb-914b-4e20-bb4c-13d4a0016eb3]: FINISHED"}}
[debug] [2020-12-19T15:06:31.736Z] [runtime-status] [2755] Functions runtime initialized. {"cwd":"/Users/Cannigia/Code/React/amaclone/functions","node_version":"14.7.0"} {"metadata":{"emulator":{"name":"functions"},"message":"[runtime-status] [2755] Functions runtime initialized. {\"cwd\":\"/Users/Cannigia/Code/React/amaclone/functions\",\"node_version\":\"14.7.0\"}"}}
[debug] [2020-12-19T15:06:31.736Z] [runtime-status] [2755] Disabled runtime features: undefined {"metadata":{"emulator":{"name":"functions"},"message":"[runtime-status] [2755] Disabled runtime features: undefined"}}
[debug] [2020-12-19T15:06:31.741Z] [runtime-status] [2755] Resolved module firebase-admin {"declared":true,"installed":true,"version":"9.4.2","resolution":"/Users/Cannigia/Code/React/amaclone/functions/node_modules/firebase-admin/lib/index.js"} {"metadata":{"emulator":{"name":"functions"},"message":"[runtime-status] [2755] Resolved module firebase-admin {\"declared\":true,\"installed\":true,\"version\":\"9.4.2\",\"resolution\":\"/Users/Cannigia/Code/React/amaclone/functions/node_modules/firebase-admin/lib/index.js\"}"}}
[debug] [2020-12-19T15:06:31.744Z] [runtime-status] [2755] Resolved module firebase-functions {"declared":true,"installed":true,"version":"3.13.0","resolution":"/Users/Cannigia/Code/React/amaclone/functions/node_modules/firebase-functions/lib/index.js"} {"metadata":{"emulator":{"name":"functions"},"message":"[runtime-status] [2755] Resolved module firebase-functions {\"declared\":true,\"installed\":true,\"version\":\"3.13.0\",\"resolution\":\"/Users/Cannigia/Code/React/amaclone/functions/node_modules/firebase-functions/lib/index.js\"}"}}
[debug] [2020-12-19T15:06:31.750Z] [runtime-status] [2755] Resolved module firebase-functions {"declared":true,"installed":true,"version":"3.13.0","resolution":"/Users/Cannigia/Code/React/amaclone/functions/node_modules/firebase-functions/lib/index.js"} {"metadata":{"emulator":{"name":"functions"},"message":"[runtime-status] [2755] Resolved module firebase-functions {\"declared\":true,\"installed\":true,\"version\":\"3.13.0\",\"resolution\":\"/Users/Cannigia/Code/React/amaclone/functions/node_modules/firebase-functions/lib/index.js\"}"}}
[debug] [2020-12-19T15:06:31.756Z] [runtime-status] [2755] Outgoing network have been stubbed. [{"name":"http","status":"mocked"},{"name":"http","status":"mocked"},{"name":"https","status":"mocked"},{"name":"https","status":"mocked"},{"name":"net","status":"mocked"}] {"metadata":{"emulator":{"name":"functions"},"message":"[runtime-status] [2755] Outgoing network have been stubbed. [{\"name\":\"http\",\"status\":\"mocked\"},{\"name\":\"http\",\"status\":\"mocked\"},{\"name\":\"https\",\"status\":\"mocked\"},{\"name\":\"https\",\"status\":\"mocked\"},{\"name\":\"net\",\"status\":\"mocked\"}]"}}
[debug] [2020-12-19T15:06:31.757Z] [runtime-status] [2755] Resolved module firebase-functions {"declared":true,"installed":true,"version":"3.13.0","resolution":"/Users/Cannigia/Code/React/amaclone/functions/node_modules/firebase-functions/lib/index.js"} {"metadata":{"emulator":{"name":"functions"},"message":"[runtime-status] [2755] Resolved module firebase-functions {\"declared\":true,\"installed\":true,\"version\":\"3.13.0\",\"resolution\":\"/Users/Cannigia/Code/React/amaclone/functions/node_modules/firebase-functions/lib/index.js\"}"}}
[debug] [2020-12-19T15:06:32.950Z] [runtime-status] [2755] Checked functions.config() {"config":{}} {"metadata":{"emulator":{"name":"functions"},"message":"[runtime-status] [2755] Checked functions.config() {\"config\":{}}"}}
[debug] [2020-12-19T15:06:32.950Z] [runtime-status] [2755] firebase-functions has been stubbed. {"functionsResolution":{"declared":true,"installed":true,"version":"3.13.0","resolution":"/Users/Cannigia/Code/React/amaclone/functions/node_modules/firebase-functions/lib/index.js"}} {"metadata":{"emulator":{"name":"functions"},"message":"[runtime-status] [2755] firebase-functions has been stubbed. {\"functionsResolution\":{\"declared\":true,\"installed\":true,\"version\":\"3.13.0\",\"resolution\":\"/Users/Cannigia/Code/React/amaclone/functions/node_modules/firebase-functions/lib/index.js\"}}"}}
[debug] [2020-12-19T15:06:32.951Z] [runtime-status] [2755] Resolved module firebase-functions {"declared":true,"installed":true,"version":"3.13.0","resolution":"/Users/Cannigia/Code/React/amaclone/functions/node_modules/firebase-functions/lib/index.js"} {"metadata":{"emulator":{"name":"functions"},"message":"[runtime-status] [2755] Resolved module firebase-functions {\"declared\":true,\"installed\":true,\"version\":\"3.13.0\",\"resolution\":\"/Users/Cannigia/Code/React/amaclone/functions/node_modules/firebase-functions/lib/index.js\"}"}}
[debug] [2020-12-19T15:06:32.951Z] [runtime-status] [2755] Resolved module firebase-admin {"declared":true,"installed":true,"version":"9.4.2","resolution":"/Users/Cannigia/Code/React/amaclone/functions/node_modules/firebase-admin/lib/index.js"} {"metadata":{"emulator":{"name":"functions"},"message":"[runtime-status] [2755] Resolved module firebase-admin {\"declared\":true,\"installed\":true,\"version\":\"9.4.2\",\"resolution\":\"/Users/Cannigia/Code/React/amaclone/functions/node_modules/firebase-admin/lib/index.js\"}"}}
[debug] [2020-12-19T15:06:32.952Z] [runtime-status] [2755] Resolved module firebase-functions {"declared":true,"installed":true,"version":"3.13.0","resolution":"/Users/Cannigia/Code/React/amaclone/functions/node_modules/firebase-functions/lib/index.js"} {"metadata":{"emulator":{"name":"functions"},"message":"[runtime-status] [2755] Resolved module firebase-functions {\"declared\":true,\"installed\":true,\"version\":\"3.13.0\",\"resolution\":\"/Users/Cannigia/Code/React/amaclone/functions/node_modules/firebase-functions/lib/index.js\"}"}}
[debug] [2020-12-19T15:06:32.952Z] [runtime-status] [2755] firebase-admin has been stubbed. {"adminResolution":{"declared":true,"installed":true,"version":"9.4.2","resolution":"/Users/Cannigia/Code/React/amaclone/functions/node_modules/firebase-admin/lib/index.js"}} {"metadata":{"emulator":{"name":"functions"},"message":"[runtime-status] [2755] firebase-admin has been stubbed. {\"adminResolution\":{\"declared\":true,\"installed\":true,\"version\":\"9.4.2\",\"resolution\":\"/Users/Cannigia/Code/React/amaclone/functions/node_modules/firebase-admin/lib/index.js\"}}"}}
[debug] [2020-12-19T15:06:35.387Z] [worker-~diagnostic~-4eb43176-2332-4d39-b77d-3b7b3a2fe7de]: IDLE {"metadata":{"emulator":{"name":"functions"},"message":"[worker-~diagnostic~-4eb43176-2332-4d39-b77d-3b7b3a2fe7de]: IDLE"}}
